<?xml version="1.0" encoding="UTF-8" ?>
<testsuite failures="0" time="0.047" errors="0" skipped="0" tests="1" name="com.seanxiaoxiao.mediamanager.test.Mp3MediaTest">
  <properties>
    <property name="java.runtime.name" value="Java(TM) SE Runtime Environment"/>
    <property name="sun.boot.library.path" value="E:\Program Files\Java\jdk1.6.0_23\jre\bin"/>
    <property name="java.vm.version" value="19.0-b09"/>
    <property name="java.vm.vendor" value="Sun Microsystems Inc."/>
    <property name="java.vendor.url" value="http://java.sun.com/"/>
    <property name="path.separator" value=";"/>
    <property name="java.vm.name" value="Java HotSpot(TM) Client VM"/>
    <property name="file.encoding.pkg" value="sun.io"/>
    <property name="user.country" value="CN"/>
    <property name="sun.java.launcher" value="SUN_STANDARD"/>
    <property name="sun.os.patch.level" value=""/>
    <property name="java.vm.specification.name" value="Java Virtual Machine Specification"/>
    <property name="user.dir" value="E:\workspace\project\seanlab\mediamanager"/>
    <property name="java.runtime.version" value="1.6.0_23-b05"/>
    <property name="java.awt.graphicsenv" value="sun.awt.Win32GraphicsEnvironment"/>
    <property name="basedir" value="E:\workspace\project\seanlab\mediamanager"/>
    <property name="java.endorsed.dirs" value="E:\Program Files\Java\jdk1.6.0_23\jre\lib\endorsed"/>
    <property name="os.arch" value="x86"/>
    <property name="surefire.real.class.path" value="C:\Users\Sean\AppData\Local\Temp\surefirebooter8444728146800042182.jar"/>
    <property name="java.io.tmpdir" value="C:\Users\Sean\AppData\Local\Temp\"/>
    <property name="line.separator" value="
"/>
    <property name="java.vm.specification.vendor" value="Sun Microsystems Inc."/>
    <property name="user.variant" value=""/>
    <property name="os.name" value="Windows 7"/>
    <property name="sun.jnu.encoding" value="GBK"/>
    <property name="java.library.path" value="E:\Program Files\Java\jdk1.6.0_23\jre\bin;.;C:\Windows\Sun\Java\bin;C:\Windows\system32;C:\Windows;C:\STAF\bin;C:\Windows\system32;C:\Windows;C:\Windows\System32\Wbem;C:\Windows\System32\WindowsPowerShell\v1.0\;C:\Program Files\Common Files\Thunder Network\KanKan\Codecs;E:\Program Files\TortoiseSVN\bin;E:\Program Files\apache-maven-2.2.1\bin;E:\Program Files\Git\cmd;C:\Program Files\QuickTime\QTSystem\;E:\Program Files\MySQL\MySQL Server 5.1\bin"/>
    <property name="surefire.test.class.path" value="E:\workspace\project\seanlab\mediamanager\target\test-classes;E:\workspace\project\seanlab\mediamanager\target\classes;E:\lib\m2\org\springframework\spring-core\3.0.3.RELEASE\spring-core-3.0.3.RELEASE.jar;E:\lib\m2\org\springframework\spring-asm\3.0.3.RELEASE\spring-asm-3.0.3.RELEASE.jar;E:\lib\m2\commons-logging\commons-logging\1.1.1\commons-logging-1.1.1.jar;E:\lib\m2\commons-io\commons-io\1.4\commons-io-1.4.jar;E:\lib\m2\junit\junit\4.8.1\junit-4.8.1.jar;"/>
    <property name="java.specification.name" value="Java Platform API Specification"/>
    <property name="java.class.version" value="50.0"/>
    <property name="sun.management.compiler" value="HotSpot Client Compiler"/>
    <property name="os.version" value="6.1"/>
    <property name="user.home" value="C:\Users\Sean"/>
    <property name="user.timezone" value=""/>
    <property name="java.awt.printerjob" value="sun.awt.windows.WPrinterJob"/>
    <property name="java.specification.version" value="1.6"/>
    <property name="file.encoding" value="GBK"/>
    <property name="user.name" value="Sean"/>
    <property name="java.class.path" value="E:\workspace\project\seanlab\mediamanager\target\test-classes;E:\workspace\project\seanlab\mediamanager\target\classes;E:\lib\m2\org\springframework\spring-core\3.0.3.RELEASE\spring-core-3.0.3.RELEASE.jar;E:\lib\m2\org\springframework\spring-asm\3.0.3.RELEASE\spring-asm-3.0.3.RELEASE.jar;E:\lib\m2\commons-logging\commons-logging\1.1.1\commons-logging-1.1.1.jar;E:\lib\m2\commons-io\commons-io\1.4\commons-io-1.4.jar;E:\lib\m2\junit\junit\4.8.1\junit-4.8.1.jar;"/>
    <property name="java.vm.specification.version" value="1.0"/>
    <property name="sun.arch.data.model" value="32"/>
    <property name="java.home" value="E:\Program Files\Java\jdk1.6.0_23\jre"/>
    <property name="java.specification.vendor" value="Sun Microsystems Inc."/>
    <property name="user.language" value="zh"/>
    <property name="awt.toolkit" value="sun.awt.windows.WToolkit"/>
    <property name="java.vm.info" value="mixed mode, sharing"/>
    <property name="java.version" value="1.6.0_23"/>
    <property name="java.ext.dirs" value="E:\Program Files\Java\jdk1.6.0_23\jre\lib\ext;C:\Windows\Sun\Java\lib\ext"/>
    <property name="sun.boot.class.path" value="E:\Program Files\Java\jdk1.6.0_23\jre\lib\resources.jar;E:\Program Files\Java\jdk1.6.0_23\jre\lib\rt.jar;E:\Program Files\Java\jdk1.6.0_23\jre\lib\sunrsasign.jar;E:\Program Files\Java\jdk1.6.0_23\jre\lib\jsse.jar;E:\Program Files\Java\jdk1.6.0_23\jre\lib\jce.jar;E:\Program Files\Java\jdk1.6.0_23\jre\lib\charsets.jar;E:\Program Files\Java\jdk1.6.0_23\jre\lib\modules\jdk.boot.jar;E:\Program Files\Java\jdk1.6.0_23\jre\classes"/>
    <property name="java.vendor" value="Sun Microsystems Inc."/>
    <property name="localRepository" value="E:\lib\m2"/>
    <property name="file.separator" value="\"/>
    <property name="java.vendor.url.bug" value="http://java.sun.com/cgi-bin/bugreport.cgi"/>
    <property name="sun.cpu.endian" value="little"/>
    <property name="sun.io.unicode.encoding" value="UnicodeLittle"/>
    <property name="sun.desktop" value="windows"/>
    <property name="sun.cpu.isalist" value="pentium_pro+mmx pentium_pro pentium+mmx pentium i486 i386 i86"/>
  </properties>
  <testcase time="0.016" classname="com.seanxiaoxiao.mediamanager.test.Mp3MediaTest" name="testMp3File"/>
</testsuite>